{
  "0 debug pnpm:scope": {
    "selected": 1,
    "workspacePrefix": "R:\\Users\\meke\\Documents\\study\\mini\\vue-vapor"
  },
  "1 info pnpm": {
    "err": {
      "name": "Error",
      "message": "not found: -F",
      "code": "ENOENT",
      "stack": "Error: not found: -F\n    at getNotFoundError (C:\\Users\\meke\\AppData\\Roaming\\npm\\node_modules\\pnpm\\dist\\pnpm.cjs:41440:51)\n    at Function.whichSync [as sync] (C:\\Users\\meke\\AppData\\Roaming\\npm\\node_modules\\pnpm\\dist\\pnpm.cjs:41517:13)\n    at getCommandAbsolutePathSync (C:\\Users\\meke\\AppData\\Roaming\\npm\\node_modules\\pnpm\\dist\\pnpm.cjs:43082:44)\n    at default_1 (C:\\Users\\meke\\AppData\\Roaming\\npm\\node_modules\\pnpm\\dist\\pnpm.cjs:43091:32)\n    at C:\\Users\\meke\\AppData\\Roaming\\npm\\node_modules\\pnpm\\dist\\pnpm.cjs:179676:39"
    }
  },
  "2 error pnpm": {
    "code": "ERR_PNPM_RECURSIVE_EXEC_FIRST_FAIL",
    "prefix": "R:\\Users\\meke\\Documents\\study\\mini\\vue-vapor",
    "err": {
      "name": "pnpm",
      "message": "not found: -F",
      "code": "ERR_PNPM_RECURSIVE_EXEC_FIRST_FAIL",
      "stack": "Error: not found: -F\n    at getNotFoundError (C:\\Users\\meke\\AppData\\Roaming\\npm\\node_modules\\pnpm\\dist\\pnpm.cjs:41440:51)\n    at Function.whichSync [as sync] (C:\\Users\\meke\\AppData\\Roaming\\npm\\node_modules\\pnpm\\dist\\pnpm.cjs:41517:13)\n    at getCommandAbsolutePathSync (C:\\Users\\meke\\AppData\\Roaming\\npm\\node_modules\\pnpm\\dist\\pnpm.cjs:43082:44)\n    at default_1 (C:\\Users\\meke\\AppData\\Roaming\\npm\\node_modules\\pnpm\\dist\\pnpm.cjs:43091:32)\n    at C:\\Users\\meke\\AppData\\Roaming\\npm\\node_modules\\pnpm\\dist\\pnpm.cjs:179676:39"
    }
  }
}